# JRE version: OpenJDK Runtime Environment Temurin-17.0.18+8 (17.0.18+8) (build 17.0.18+8)
# Java VM: OpenJDK 64-Bit Server VM Temurin-17.0.18+8 (17.0.18+8, mixed mode, sharing, tiered, compressed oops, compressed class ptrs, g1 gc, windows-amd64)
GC Precious Log:
 CPUs: 4 total, 4 available
 Memory: 11982M
 Large Page Support: Disabled
 NUMA Support: Disabled
 Compressed Oops: Enabled (Zero based)
 Heap Region Size: 2M
 Heap Min Capacity: 8M
 Heap Initial Capacity: 188M
 Heap Max Capacity: 2996M
 Pre-touch: Disabled
 Parallel Workers: 4
 Concurrent Workers: 1
 Concurrent Refinement Workers: 4
 Periodic GC: Disabled
Heap:
 garbage-first heap   total 200704K, used 72213K [0x0000000744c00000, 0x0000000800000000)
  region size 2048K, 11 young (22528K), 3 survivors (6144K)
 Metaspace       used 42384K, committed 42816K, reserved 1114112K
  class space    used 4774K, committed 4928K, reserved 1048576K
GC Heap History (20 events):
Event: 10.977 GC heap before
{Heap before GC invocations=15 (full 0):
 garbage-first heap   total 81920K, used 60532K [0x0000000744c00000, 0x0000000800000000)
  region size 2048K, 10 young (20480K), 1 survivors (2048K)
 Metaspace       used 36798K, committed 37184K, reserved 1114112K
  class space    used 4231K, committed 4416K, reserved 1048576K
}
Event: 10.981 GC heap after
{Heap after GC invocations=16 (full 0):
 garbage-first heap   total 81920K, used 44334K [0x0000000744c00000, 0x0000000800000000)
  region size 2048K, 1 young (2048K), 1 survivors (2048K)
 Metaspace       used 36798K, committed 37184K, reserved 1114112K
  class space    used 4231K, committed 4416K, reserved 1048576K
}
Event: 11.436 GC heap before
{Heap before GC invocations=17 (full 0):
 garbage-first heap   total 81920K, used 62766K [0x0000000744c00000, 0x0000000800000000)
  region size 2048K, 10 young (20480K), 1 survivors (2048K)
 Metaspace       used 38202K, committed 38592K, reserved 1114112K
  class space    used 4394K, committed 4608K, reserved 1048576K
}
Event: 11.443 GC heap after
{Heap after GC invocations=18 (full 0):
 garbage-first heap   total 81920K, used 45187K [0x0000000744c00000, 0x0000000800000000)
  region size 2048K, 2 young (4096K), 2 survivors (4096K)
 Metaspace       used 38202K, committed 38592K, reserved 1114112K
  class space    used 4394K, committed 4608K, reserved 1048576K
}
Event: 12.074 GC heap before
{Heap before GC invocations=18 (full 0):
 garbage-first heap   total 81920K, used 61571K [0x0000000744c00000, 0x0000000800000000)
  region size 2048K, 11 young (22528K), 2 survivors (4096K)
 Metaspace       used 38896K, committed 39296K, reserved 1114112K
  class space    used 4451K, committed 4672K, reserved 1048576K
}
Event: 12.083 GC heap after
{Heap after GC invocations=19 (full 0):
 garbage-first heap   total 98304K, used 46341K [0x0000000744c00000, 0x0000000800000000)
  region size 2048K, 2 young (4096K), 2 survivors (4096K)
 Metaspace       used 38896K, committed 39296K, reserved 1114112K
  class space    used 4451K, committed 4672K, reserved 1048576K
}
Event: 12.481 GC heap before
{Heap before GC invocations=20 (full 0):
 garbage-first heap   total 98304K, used 75013K [0x0000000744c00000, 0x0000000800000000)
  region size 2048K, 16 young (32768K), 2 survivors (4096K)
 Metaspace       used 38998K, committed 39488K, reserved 1114112K
  class space    used 4454K, committed 4672K, reserved 1048576K
}
Event: 12.498 GC heap after
{Heap after GC invocations=21 (full 0):
 garbage-first heap   total 98304K, used 59633K [0x0000000744c00000, 0x0000000800000000)
  region size 2048K, 2 young (4096K), 2 survivors (4096K)
 Metaspace       used 38998K, committed 39488K, reserved 1114112K
  class space    used 4454K, committed 4672K, reserved 1048576K
}
Event: 12.556 GC heap before
{Heap before GC invocations=21 (full 0):
 garbage-first heap   total 98304K, used 61681K [0x0000000744c00000, 0x0000000800000000)
  region size 2048K, 3 young (6144K), 2 survivors (4096K)
 Metaspace       used 38998K, committed 39488K, reserved 1114112K
  class space    used 4454K, committed 4672K, reserved 1048576K
}
Event: 12.569 GC heap after
{Heap after GC invocations=22 (full 0):
 garbage-first heap   total 98304K, used 50862K [0x0000000744c00000, 0x0000000800000000)
  region size 2048K, 1 young (2048K), 1 survivors (2048K)
 Metaspace       used 38998K, committed 39488K, reserved 1114112K
  class space    used 4454K, committed 4672K, reserved 1048576K
}
Event: 12.903 GC heap before
{Heap before GC invocations=22 (full 0):
 garbage-first heap   total 98304K, used 71342K [0x0000000744c00000, 0x0000000800000000)
  region size 2048K, 11 young (22528K), 1 survivors (2048K)
 Metaspace       used 39033K, committed 39488K, reserved 1114112K
  class space    used 4456K, committed 4672K, reserved 1048576K
}
Event: 12.914 GC heap after
{Heap after GC invocations=23 (full 0):
 garbage-first heap   total 98304K, used 57084K [0x0000000744c00000, 0x0000000800000000)
  region size 2048K, 2 young (4096K), 2 survivors (4096K)
 Metaspace       used 39033K, committed 39488K, reserved 1114112K
  class space    used 4456K, committed 4672K, reserved 1048576K
}
Event: 13.353 GC heap before
{Heap before GC invocations=24 (full 0):
 garbage-first heap   total 100352K, used 71420K [0x0000000744c00000, 0x0000000800000000)
  region size 2048K, 10 young (20480K), 2 survivors (4096K)
 Metaspace       used 38043K, committed 38592K, reserved 1114112K
  class space    used 4319K, committed 4608K, reserved 1048576K
}
Event: 13.362 GC heap after
{Heap after GC invocations=25 (full 0):
 garbage-first heap   total 100352K, used 59955K [0x0000000744c00000, 0x0000000800000000)
  region size 2048K, 2 young (4096K), 2 survivors (4096K)
 Metaspace       used 38043K, committed 38592K, reserved 1114112K
  class space    used 4319K, committed 4608K, reserved 1048576K
}
Event: 13.402 GC heap before
{Heap before GC invocations=25 (full 0):
 garbage-first heap   total 100352K, used 59955K [0x0000000744c00000, 0x0000000800000000)
  region size 2048K, 3 young (6144K), 2 survivors (4096K)
 Metaspace       used 38072K, committed 38592K, reserved 1114112K
  class space    used 4333K, committed 4608K, reserved 1048576K
}
Event: 13.412 GC heap after
{Heap after GC invocations=26 (full 0):
 garbage-first heap   total 100352K, used 52748K [0x0000000744c00000, 0x0000000800000000)
  region size 2048K, 1 young (2048K), 1 survivors (2048K)
 Metaspace       used 38072K, committed 38592K, reserved 1114112K
  class space    used 4333K, committed 4608K, reserved 1048576K
}
Event: 13.774 GC heap before
{Heap before GC invocations=26 (full 0):
 garbage-first heap   total 100352K, used 71180K [0x0000000744c00000, 0x0000000800000000)
  region size 2048K, 11 young (22528K), 1 survivors (2048K)
 Metaspace       used 38975K, committed 39424K, reserved 1114112K
  class space    used 4446K, committed 4672K, reserved 1048576K
}
Event: 13.776 GC heap after
{Heap after GC invocations=27 (full 0):
 garbage-first heap   total 200704K, used 52568K [0x0000000744c00000, 0x0000000800000000)
  region size 2048K, 1 young (2048K), 1 survivors (2048K)
 Metaspace       used 38975K, committed 39424K, reserved 1114112K
  class space    used 4446K, committed 4672K, reserved 1048576K
}
Event: 20.839 GC heap before
{Heap before GC invocations=28 (full 0):
 garbage-first heap   total 200704K, used 140632K [0x0000000744c00000, 0x0000000800000000)
  region size 2048K, 44 young (90112K), 1 survivors (2048K)
 Metaspace       used 40938K, committed 41408K, reserved 1114112K
  class space    used 4577K, committed 4800K, reserved 1048576K
}
Event: 20.847 GC heap after
{Heap after GC invocations=29 (full 0):
 garbage-first heap   total 200704K, used 57877K [0x0000000744c00000, 0x0000000800000000)
  region size 2048K, 3 young (6144K), 3 survivors (6144K)
 Metaspace       used 40938K, committed 41408K, reserved 1114112K
  class space    used 4577K, committed 4800K, reserved 1048576K
}

